{"/home/apriliandi/Documents/programming/my-projects/reactjs/get-it/helper/getQuerySearch.js": {"path":"/home/apriliandi/Documents/programming/my-projects/reactjs/get-it/helper/getQuerySearch.js","statementMap":{"0":{"start":{"line":1,"column":0},"end":{"line":4,"column":1}},"1":{"start":{"line":2,"column":3},"end":{"line":2,"column":50}},"2":{"start":{"line":2,"column":40},"end":{"line":2,"column":50}},"3":{"start":{"line":3,"column":3},"end":{"line":3,"column":74}}},"fnMap":{"0":{"name":"(anonymous_0)","decl":{"start":{"line":1,"column":17},"end":{"line":1,"column":18}},"loc":{"start":{"line":1,"column":33},"end":{"line":4,"column":1}},"line":1}},"branchMap":{"0":{"loc":{"start":{"line":2,"column":3},"end":{"line":2,"column":50}},"type":"if","locations":[{"start":{"line":2,"column":3},"end":{"line":2,"column":50}},{"start":{"line":2,"column":3},"end":{"line":2,"column":50}}],"line":2}},"s":{"0":3,"1":24,"2":9,"3":15},"f":{"0":24},"b":{"0":[9,15]},"_coverageSchema":"1a1c01bbd47fc00a2c39e90264f33305004495a9","hash":"23d505f0e5eef895ed4b3f45919e791aa45062a7"}
,"/home/apriliandi/Documents/programming/my-projects/reactjs/get-it/utils/float.js": {"path":"/home/apriliandi/Documents/programming/my-projects/reactjs/get-it/utils/float.js","statementMap":{"0":{"start":{"line":1,"column":23},"end":{"line":1,"column":58}},"1":{"start":{"line":3,"column":0},"end":{"line":7,"column":1}},"2":{"start":{"line":4,"column":3},"end":{"line":4,"column":73}},"3":{"start":{"line":4,"column":28},"end":{"line":4,"column":73}},"4":{"start":{"line":5,"column":3},"end":{"line":5,"column":71}},"5":{"start":{"line":5,"column":27},"end":{"line":5,"column":71}},"6":{"start":{"line":6,"column":3},"end":{"line":6,"column":83}},"7":{"start":{"line":6,"column":33},"end":{"line":6,"column":83}},"8":{"start":{"line":10,"column":23},"end":{"line":10,"column":25}},"9":{"start":{"line":11,"column":23},"end":{"line":11,"column":49}},"10":{"start":{"line":13,"column":3},"end":{"line":13,"column":46}},"11":{"start":{"line":13,"column":27},"end":{"line":13,"column":46}},"12":{"start":{"line":15,"column":3},"end":{"line":22,"column":4}},"13":{"start":{"line":16,"column":6},"end":{"line":21,"column":7}},"14":{"start":{"line":17,"column":9},"end":{"line":17,"column":53}},"15":{"start":{"line":20,"column":9},"end":{"line":20,"column":32}},"16":{"start":{"line":24,"column":3},"end":{"line":24,"column":22}},"17":{"start":{"line":28,"column":22},"end":{"line":28,"column":24}},"18":{"start":{"line":29,"column":23},"end":{"line":29,"column":49}},"19":{"start":{"line":31,"column":3},"end":{"line":31,"column":45}},"20":{"start":{"line":31,"column":27},"end":{"line":31,"column":45}},"21":{"start":{"line":33,"column":3},"end":{"line":40,"column":6}},"22":{"start":{"line":34,"column":6},"end":{"line":39,"column":7}},"23":{"start":{"line":35,"column":9},"end":{"line":35,"column":51}},"24":{"start":{"line":38,"column":9},"end":{"line":38,"column":31}},"25":{"start":{"line":42,"column":3},"end":{"line":42,"column":21}},"26":{"start":{"line":46,"column":21},"end":{"line":46,"column":23}},"27":{"start":{"line":47,"column":22},"end":{"line":47,"column":24}},"28":{"start":{"line":48,"column":23},"end":{"line":48,"column":49}},"29":{"start":{"line":50,"column":3},"end":{"line":50,"column":45}},"30":{"start":{"line":50,"column":27},"end":{"line":50,"column":45}},"31":{"start":{"line":52,"column":3},"end":{"line":62,"column":4}},"32":{"start":{"line":53,"column":6},"end":{"line":58,"column":7}},"33":{"start":{"line":54,"column":9},"end":{"line":54,"column":53}},"34":{"start":{"line":57,"column":9},"end":{"line":57,"column":33}},"35":{"start":{"line":60,"column":6},"end":{"line":60,"column":35}},"36":{"start":{"line":61,"column":6},"end":{"line":61,"column":23}},"37":{"start":{"line":64,"column":3},"end":{"line":64,"column":21}}},"fnMap":{"0":{"name":"(anonymous_0)","decl":{"start":{"line":3,"column":17},"end":{"line":3,"column":18}},"loc":{"start":{"line":3,"column":41},"end":{"line":7,"column":1}},"line":3},"1":{"name":"getQuerySearchFloatObject","decl":{"start":{"line":9,"column":9},"end":{"line":9,"column":34}},"loc":{"start":{"line":9,"column":47},"end":{"line":25,"column":1}},"line":9},"2":{"name":"getQuerySearchFloatArray","decl":{"start":{"line":27,"column":9},"end":{"line":27,"column":33}},"loc":{"start":{"line":27,"column":46},"end":{"line":43,"column":1}},"line":27},"3":{"name":"(anonymous_3)","decl":{"start":{"line":33,"column":23},"end":{"line":33,"column":24}},"loc":{"start":{"line":33,"column":34},"end":{"line":40,"column":4}},"line":33},"4":{"name":"getQuerySearchFloatArrayObject","decl":{"start":{"line":45,"column":9},"end":{"line":45,"column":39}},"loc":{"start":{"line":45,"column":52},"end":{"line":65,"column":1}},"line":45}},"branchMap":{"0":{"loc":{"start":{"line":4,"column":3},"end":{"line":4,"column":73}},"type":"if","locations":[{"start":{"line":4,"column":3},"end":{"line":4,"column":73}},{"start":{"line":4,"column":3},"end":{"line":4,"column":73}}],"line":4},"1":{"loc":{"start":{"line":5,"column":3},"end":{"line":5,"column":71}},"type":"if","locations":[{"start":{"line":5,"column":3},"end":{"line":5,"column":71}},{"start":{"line":5,"column":3},"end":{"line":5,"column":71}}],"line":5},"2":{"loc":{"start":{"line":6,"column":3},"end":{"line":6,"column":83}},"type":"if","locations":[{"start":{"line":6,"column":3},"end":{"line":6,"column":83}},{"start":{"line":6,"column":3},"end":{"line":6,"column":83}}],"line":6},"3":{"loc":{"start":{"line":13,"column":3},"end":{"line":13,"column":46}},"type":"if","locations":[{"start":{"line":13,"column":3},"end":{"line":13,"column":46}},{"start":{"line":13,"column":3},"end":{"line":13,"column":46}}],"line":13},"4":{"loc":{"start":{"line":16,"column":6},"end":{"line":21,"column":7}},"type":"if","locations":[{"start":{"line":16,"column":6},"end":{"line":21,"column":7}},{"start":{"line":16,"column":6},"end":{"line":21,"column":7}}],"line":16},"5":{"loc":{"start":{"line":16,"column":10},"end":{"line":16,"column":95}},"type":"binary-expr","locations":[{"start":{"line":16,"column":10},"end":{"line":16,"column":39}},{"start":{"line":16,"column":43},"end":{"line":16,"column":95}}],"line":16},"6":{"loc":{"start":{"line":31,"column":3},"end":{"line":31,"column":45}},"type":"if","locations":[{"start":{"line":31,"column":3},"end":{"line":31,"column":45}},{"start":{"line":31,"column":3},"end":{"line":31,"column":45}}],"line":31},"7":{"loc":{"start":{"line":34,"column":6},"end":{"line":39,"column":7}},"type":"if","locations":[{"start":{"line":34,"column":6},"end":{"line":39,"column":7}},{"start":{"line":34,"column":6},"end":{"line":39,"column":7}}],"line":34},"8":{"loc":{"start":{"line":34,"column":10},"end":{"line":34,"column":95}},"type":"binary-expr","locations":[{"start":{"line":34,"column":10},"end":{"line":34,"column":39}},{"start":{"line":34,"column":43},"end":{"line":34,"column":95}}],"line":34},"9":{"loc":{"start":{"line":50,"column":3},"end":{"line":50,"column":45}},"type":"if","locations":[{"start":{"line":50,"column":3},"end":{"line":50,"column":45}},{"start":{"line":50,"column":3},"end":{"line":50,"column":45}}],"line":50},"10":{"loc":{"start":{"line":53,"column":6},"end":{"line":58,"column":7}},"type":"if","locations":[{"start":{"line":53,"column":6},"end":{"line":58,"column":7}},{"start":{"line":53,"column":6},"end":{"line":58,"column":7}}],"line":53},"11":{"loc":{"start":{"line":53,"column":10},"end":{"line":53,"column":95}},"type":"binary-expr","locations":[{"start":{"line":53,"column":10},"end":{"line":53,"column":39}},{"start":{"line":53,"column":43},"end":{"line":53,"column":95}}],"line":53}},"s":{"0":1,"1":1,"2":9,"3":3,"4":6,"5":3,"6":3,"7":3,"8":3,"9":3,"10":3,"11":1,"12":2,"13":6,"14":3,"15":3,"16":2,"17":3,"18":3,"19":3,"20":1,"21":2,"22":6,"23":3,"24":3,"25":2,"26":3,"27":3,"28":3,"29":3,"30":1,"31":2,"32":6,"33":3,"34":3,"35":6,"36":6,"37":2},"f":{"0":9,"1":3,"2":3,"3":6,"4":3},"b":{"0":[3,6],"1":[3,3],"2":[3,0],"3":[1,2],"4":[3,3],"5":[6,6],"6":[1,2],"7":[3,3],"8":[6,6],"9":[1,2],"10":[3,3],"11":[6,6]},"_coverageSchema":"1a1c01bbd47fc00a2c39e90264f33305004495a9","hash":"217b39b85f46ed8b263713dcb69132a36ed0ee83"}
,"/home/apriliandi/Documents/programming/my-projects/reactjs/get-it/utils/int.js": {"path":"/home/apriliandi/Documents/programming/my-projects/reactjs/get-it/utils/int.js","statementMap":{"0":{"start":{"line":1,"column":23},"end":{"line":1,"column":58}},"1":{"start":{"line":3,"column":0},"end":{"line":7,"column":1}},"2":{"start":{"line":4,"column":3},"end":{"line":4,"column":75}},"3":{"start":{"line":4,"column":28},"end":{"line":4,"column":75}},"4":{"start":{"line":5,"column":3},"end":{"line":5,"column":73}},"5":{"start":{"line":5,"column":27},"end":{"line":5,"column":73}},"6":{"start":{"line":6,"column":3},"end":{"line":6,"column":85}},"7":{"start":{"line":6,"column":33},"end":{"line":6,"column":85}},"8":{"start":{"line":10,"column":25},"end":{"line":10,"column":27}},"9":{"start":{"line":11,"column":23},"end":{"line":11,"column":49}},"10":{"start":{"line":13,"column":3},"end":{"line":13,"column":48}},"11":{"start":{"line":13,"column":27},"end":{"line":13,"column":48}},"12":{"start":{"line":15,"column":3},"end":{"line":22,"column":4}},"13":{"start":{"line":16,"column":6},"end":{"line":21,"column":7}},"14":{"start":{"line":17,"column":9},"end":{"line":17,"column":57}},"15":{"start":{"line":20,"column":9},"end":{"line":20,"column":35}},"16":{"start":{"line":24,"column":3},"end":{"line":24,"column":24}},"17":{"start":{"line":28,"column":24},"end":{"line":28,"column":26}},"18":{"start":{"line":29,"column":23},"end":{"line":29,"column":49}},"19":{"start":{"line":31,"column":3},"end":{"line":31,"column":47}},"20":{"start":{"line":31,"column":27},"end":{"line":31,"column":47}},"21":{"start":{"line":33,"column":3},"end":{"line":40,"column":6}},"22":{"start":{"line":34,"column":6},"end":{"line":39,"column":7}},"23":{"start":{"line":35,"column":9},"end":{"line":35,"column":55}},"24":{"start":{"line":38,"column":9},"end":{"line":38,"column":33}},"25":{"start":{"line":42,"column":3},"end":{"line":42,"column":23}},"26":{"start":{"line":46,"column":23},"end":{"line":46,"column":25}},"27":{"start":{"line":47,"column":24},"end":{"line":47,"column":26}},"28":{"start":{"line":48,"column":23},"end":{"line":48,"column":49}},"29":{"start":{"line":50,"column":3},"end":{"line":50,"column":47}},"30":{"start":{"line":50,"column":27},"end":{"line":50,"column":47}},"31":{"start":{"line":52,"column":3},"end":{"line":62,"column":4}},"32":{"start":{"line":53,"column":6},"end":{"line":58,"column":7}},"33":{"start":{"line":54,"column":9},"end":{"line":54,"column":57}},"34":{"start":{"line":57,"column":9},"end":{"line":57,"column":35}},"35":{"start":{"line":60,"column":6},"end":{"line":60,"column":39}},"36":{"start":{"line":61,"column":6},"end":{"line":61,"column":25}},"37":{"start":{"line":64,"column":3},"end":{"line":64,"column":23}}},"fnMap":{"0":{"name":"(anonymous_0)","decl":{"start":{"line":3,"column":17},"end":{"line":3,"column":18}},"loc":{"start":{"line":3,"column":41},"end":{"line":7,"column":1}},"line":3},"1":{"name":"getQuerySearchIntegerObject","decl":{"start":{"line":9,"column":9},"end":{"line":9,"column":36}},"loc":{"start":{"line":9,"column":49},"end":{"line":25,"column":1}},"line":9},"2":{"name":"getQuerySearchIntegerArray","decl":{"start":{"line":27,"column":9},"end":{"line":27,"column":35}},"loc":{"start":{"line":27,"column":48},"end":{"line":43,"column":1}},"line":27},"3":{"name":"(anonymous_3)","decl":{"start":{"line":33,"column":23},"end":{"line":33,"column":24}},"loc":{"start":{"line":33,"column":34},"end":{"line":40,"column":4}},"line":33},"4":{"name":"getQuerySearchIntegerArrayObject","decl":{"start":{"line":45,"column":9},"end":{"line":45,"column":41}},"loc":{"start":{"line":45,"column":54},"end":{"line":65,"column":1}},"line":45}},"branchMap":{"0":{"loc":{"start":{"line":4,"column":3},"end":{"line":4,"column":75}},"type":"if","locations":[{"start":{"line":4,"column":3},"end":{"line":4,"column":75}},{"start":{"line":4,"column":3},"end":{"line":4,"column":75}}],"line":4},"1":{"loc":{"start":{"line":5,"column":3},"end":{"line":5,"column":73}},"type":"if","locations":[{"start":{"line":5,"column":3},"end":{"line":5,"column":73}},{"start":{"line":5,"column":3},"end":{"line":5,"column":73}}],"line":5},"2":{"loc":{"start":{"line":6,"column":3},"end":{"line":6,"column":85}},"type":"if","locations":[{"start":{"line":6,"column":3},"end":{"line":6,"column":85}},{"start":{"line":6,"column":3},"end":{"line":6,"column":85}}],"line":6},"3":{"loc":{"start":{"line":13,"column":3},"end":{"line":13,"column":48}},"type":"if","locations":[{"start":{"line":13,"column":3},"end":{"line":13,"column":48}},{"start":{"line":13,"column":3},"end":{"line":13,"column":48}}],"line":13},"4":{"loc":{"start":{"line":16,"column":6},"end":{"line":21,"column":7}},"type":"if","locations":[{"start":{"line":16,"column":6},"end":{"line":21,"column":7}},{"start":{"line":16,"column":6},"end":{"line":21,"column":7}}],"line":16},"5":{"loc":{"start":{"line":16,"column":10},"end":{"line":16,"column":94}},"type":"binary-expr","locations":[{"start":{"line":16,"column":10},"end":{"line":16,"column":39}},{"start":{"line":16,"column":43},"end":{"line":16,"column":94}}],"line":16},"6":{"loc":{"start":{"line":31,"column":3},"end":{"line":31,"column":47}},"type":"if","locations":[{"start":{"line":31,"column":3},"end":{"line":31,"column":47}},{"start":{"line":31,"column":3},"end":{"line":31,"column":47}}],"line":31},"7":{"loc":{"start":{"line":34,"column":6},"end":{"line":39,"column":7}},"type":"if","locations":[{"start":{"line":34,"column":6},"end":{"line":39,"column":7}},{"start":{"line":34,"column":6},"end":{"line":39,"column":7}}],"line":34},"8":{"loc":{"start":{"line":34,"column":10},"end":{"line":34,"column":94}},"type":"binary-expr","locations":[{"start":{"line":34,"column":10},"end":{"line":34,"column":39}},{"start":{"line":34,"column":43},"end":{"line":34,"column":94}}],"line":34},"9":{"loc":{"start":{"line":50,"column":3},"end":{"line":50,"column":47}},"type":"if","locations":[{"start":{"line":50,"column":3},"end":{"line":50,"column":47}},{"start":{"line":50,"column":3},"end":{"line":50,"column":47}}],"line":50},"10":{"loc":{"start":{"line":53,"column":6},"end":{"line":58,"column":7}},"type":"if","locations":[{"start":{"line":53,"column":6},"end":{"line":58,"column":7}},{"start":{"line":53,"column":6},"end":{"line":58,"column":7}}],"line":53},"11":{"loc":{"start":{"line":53,"column":10},"end":{"line":53,"column":94}},"type":"binary-expr","locations":[{"start":{"line":53,"column":10},"end":{"line":53,"column":39}},{"start":{"line":53,"column":43},"end":{"line":53,"column":94}}],"line":53}},"s":{"0":1,"1":1,"2":9,"3":3,"4":6,"5":3,"6":3,"7":3,"8":3,"9":3,"10":3,"11":1,"12":2,"13":5,"14":2,"15":3,"16":2,"17":3,"18":3,"19":3,"20":1,"21":2,"22":5,"23":2,"24":3,"25":2,"26":3,"27":3,"28":3,"29":3,"30":1,"31":2,"32":5,"33":2,"34":3,"35":5,"36":5,"37":2},"f":{"0":9,"1":3,"2":3,"3":5,"4":3},"b":{"0":[3,6],"1":[3,3],"2":[3,0],"3":[1,2],"4":[2,3],"5":[5,4],"6":[1,2],"7":[2,3],"8":[5,4],"9":[1,2],"10":[2,3],"11":[5,4]},"_coverageSchema":"1a1c01bbd47fc00a2c39e90264f33305004495a9","hash":"b8020bf983c3abaf7141743eb280d55594e11369"}
,"/home/apriliandi/Documents/programming/my-projects/reactjs/get-it/utils/string.js": {"path":"/home/apriliandi/Documents/programming/my-projects/reactjs/get-it/utils/string.js","statementMap":{"0":{"start":{"line":1,"column":23},"end":{"line":1,"column":58}},"1":{"start":{"line":3,"column":0},"end":{"line":7,"column":1}},"2":{"start":{"line":4,"column":3},"end":{"line":4,"column":74}},"3":{"start":{"line":4,"column":28},"end":{"line":4,"column":74}},"4":{"start":{"line":5,"column":3},"end":{"line":5,"column":72}},"5":{"start":{"line":5,"column":27},"end":{"line":5,"column":72}},"6":{"start":{"line":6,"column":3},"end":{"line":6,"column":84}},"7":{"start":{"line":6,"column":33},"end":{"line":6,"column":84}},"8":{"start":{"line":10,"column":24},"end":{"line":10,"column":26}},"9":{"start":{"line":11,"column":23},"end":{"line":11,"column":49}},"10":{"start":{"line":13,"column":3},"end":{"line":13,"column":47}},"11":{"start":{"line":13,"column":27},"end":{"line":13,"column":47}},"12":{"start":{"line":15,"column":3},"end":{"line":17,"column":4}},"13":{"start":{"line":16,"column":6},"end":{"line":16,"column":81}},"14":{"start":{"line":19,"column":3},"end":{"line":19,"column":23}},"15":{"start":{"line":23,"column":23},"end":{"line":23,"column":25}},"16":{"start":{"line":24,"column":23},"end":{"line":24,"column":49}},"17":{"start":{"line":26,"column":3},"end":{"line":26,"column":46}},"18":{"start":{"line":26,"column":27},"end":{"line":26,"column":46}},"19":{"start":{"line":28,"column":3},"end":{"line":30,"column":6}},"20":{"start":{"line":29,"column":6},"end":{"line":29,"column":94}},"21":{"start":{"line":32,"column":3},"end":{"line":32,"column":22}},"22":{"start":{"line":36,"column":22},"end":{"line":36,"column":24}},"23":{"start":{"line":37,"column":23},"end":{"line":37,"column":25}},"24":{"start":{"line":38,"column":23},"end":{"line":38,"column":49}},"25":{"start":{"line":40,"column":3},"end":{"line":40,"column":46}},"26":{"start":{"line":40,"column":27},"end":{"line":40,"column":46}},"27":{"start":{"line":42,"column":3},"end":{"line":46,"column":4}},"28":{"start":{"line":43,"column":6},"end":{"line":43,"column":81}},"29":{"start":{"line":44,"column":6},"end":{"line":44,"column":37}},"30":{"start":{"line":45,"column":6},"end":{"line":45,"column":24}},"31":{"start":{"line":48,"column":3},"end":{"line":48,"column":22}}},"fnMap":{"0":{"name":"(anonymous_0)","decl":{"start":{"line":3,"column":17},"end":{"line":3,"column":18}},"loc":{"start":{"line":3,"column":41},"end":{"line":7,"column":1}},"line":3},"1":{"name":"getQuerySearchStringObject","decl":{"start":{"line":9,"column":9},"end":{"line":9,"column":35}},"loc":{"start":{"line":9,"column":48},"end":{"line":20,"column":1}},"line":9},"2":{"name":"getQuerySearchStringArray","decl":{"start":{"line":22,"column":9},"end":{"line":22,"column":34}},"loc":{"start":{"line":22,"column":47},"end":{"line":33,"column":1}},"line":22},"3":{"name":"(anonymous_3)","decl":{"start":{"line":28,"column":23},"end":{"line":28,"column":24}},"loc":{"start":{"line":28,"column":34},"end":{"line":30,"column":4}},"line":28},"4":{"name":"getQuerySearchStringArrayObject","decl":{"start":{"line":35,"column":9},"end":{"line":35,"column":40}},"loc":{"start":{"line":35,"column":53},"end":{"line":49,"column":1}},"line":35}},"branchMap":{"0":{"loc":{"start":{"line":4,"column":3},"end":{"line":4,"column":74}},"type":"if","locations":[{"start":{"line":4,"column":3},"end":{"line":4,"column":74}},{"start":{"line":4,"column":3},"end":{"line":4,"column":74}}],"line":4},"1":{"loc":{"start":{"line":5,"column":3},"end":{"line":5,"column":72}},"type":"if","locations":[{"start":{"line":5,"column":3},"end":{"line":5,"column":72}},{"start":{"line":5,"column":3},"end":{"line":5,"column":72}}],"line":5},"2":{"loc":{"start":{"line":6,"column":3},"end":{"line":6,"column":84}},"type":"if","locations":[{"start":{"line":6,"column":3},"end":{"line":6,"column":84}},{"start":{"line":6,"column":3},"end":{"line":6,"column":84}}],"line":6},"3":{"loc":{"start":{"line":13,"column":3},"end":{"line":13,"column":47}},"type":"if","locations":[{"start":{"line":13,"column":3},"end":{"line":13,"column":47}},{"start":{"line":13,"column":3},"end":{"line":13,"column":47}}],"line":13},"4":{"loc":{"start":{"line":16,"column":27},"end":{"line":16,"column":79}},"type":"cond-expr","locations":[{"start":{"line":16,"column":49},"end":{"line":16,"column":53}},{"start":{"line":16,"column":56},"end":{"line":16,"column":79}}],"line":16},"5":{"loc":{"start":{"line":26,"column":3},"end":{"line":26,"column":46}},"type":"if","locations":[{"start":{"line":26,"column":3},"end":{"line":26,"column":46}},{"start":{"line":26,"column":3},"end":{"line":26,"column":46}}],"line":26},"6":{"loc":{"start":{"line":29,"column":6},"end":{"line":29,"column":94}},"type":"cond-expr","locations":[{"start":{"line":29,"column":28},"end":{"line":29,"column":50}},{"start":{"line":29,"column":53},"end":{"line":29,"column":94}}],"line":29},"7":{"loc":{"start":{"line":40,"column":3},"end":{"line":40,"column":46}},"type":"if","locations":[{"start":{"line":40,"column":3},"end":{"line":40,"column":46}},{"start":{"line":40,"column":3},"end":{"line":40,"column":46}}],"line":40},"8":{"loc":{"start":{"line":43,"column":27},"end":{"line":43,"column":79}},"type":"cond-expr","locations":[{"start":{"line":43,"column":49},"end":{"line":43,"column":53}},{"start":{"line":43,"column":56},"end":{"line":43,"column":79}}],"line":43}},"s":{"0":1,"1":1,"2":6,"3":2,"4":4,"5":2,"6":2,"7":2,"8":2,"9":2,"10":2,"11":1,"12":1,"13":2,"14":1,"15":2,"16":2,"17":2,"18":1,"19":1,"20":2,"21":1,"22":2,"23":2,"24":2,"25":2,"26":1,"27":1,"28":2,"29":2,"30":2,"31":1},"f":{"0":6,"1":2,"2":2,"3":2,"4":2},"b":{"0":[2,4],"1":[2,2],"2":[2,0],"3":[1,1],"4":[0,2],"5":[1,1],"6":[0,2],"7":[1,1],"8":[0,2]},"_coverageSchema":"1a1c01bbd47fc00a2c39e90264f33305004495a9","hash":"143a083d1da0e5ed9fb83160d8edc05f96a462e1"}
}
