TN:
SF:helper/getQuerySearch.js
FN:1,(anonymous_0)
FNF:1
FNH:1
FNDA:24,(anonymous_0)
DA:1,3
DA:2,24
DA:3,15
LF:3
LH:3
BRDA:2,0,0,9
BRDA:2,0,1,15
BRF:2
BRH:2
end_of_record
TN:
SF:utils/float.js
FN:3,(anonymous_0)
FN:9,getQuerySearchFloatObject
FN:27,getQuerySearchFloatArray
FN:33,(anonymous_3)
FN:45,getQuerySearchFloatArrayObject
FNF:5
FNH:5
FNDA:9,(anonymous_0)
FNDA:3,getQuerySearchFloatObject
FNDA:3,getQuerySearchFloatArray
FNDA:6,(anonymous_3)
FNDA:3,getQuerySearchFloatArrayObject
DA:1,1
DA:3,1
DA:4,9
DA:5,6
DA:6,3
DA:10,3
DA:11,3
DA:13,3
DA:15,2
DA:16,6
DA:17,3
DA:20,3
DA:24,2
DA:28,3
DA:29,3
DA:31,3
DA:33,2
DA:34,6
DA:35,3
DA:38,3
DA:42,2
DA:46,3
DA:47,3
DA:48,3
DA:50,3
DA:52,2
DA:53,6
DA:54,3
DA:57,3
DA:60,6
DA:61,6
DA:64,2
LF:32
LH:32
BRDA:4,0,0,3
BRDA:4,0,1,6
BRDA:5,1,0,3
BRDA:5,1,1,3
BRDA:6,2,0,3
BRDA:6,2,1,0
BRDA:13,3,0,1
BRDA:13,3,1,2
BRDA:16,4,0,3
BRDA:16,4,1,3
BRDA:16,5,0,6
BRDA:16,5,1,6
BRDA:31,6,0,1
BRDA:31,6,1,2
BRDA:34,7,0,3
BRDA:34,7,1,3
BRDA:34,8,0,6
BRDA:34,8,1,6
BRDA:50,9,0,1
BRDA:50,9,1,2
BRDA:53,10,0,3
BRDA:53,10,1,3
BRDA:53,11,0,6
BRDA:53,11,1,6
BRF:24
BRH:23
end_of_record
TN:
SF:utils/int.js
FN:3,(anonymous_0)
FN:9,getQuerySearchIntegerObject
FN:27,getQuerySearchIntegerArray
FN:33,(anonymous_3)
FN:45,getQuerySearchIntegerArrayObject
FNF:5
FNH:5
FNDA:9,(anonymous_0)
FNDA:3,getQuerySearchIntegerObject
FNDA:3,getQuerySearchIntegerArray
FNDA:5,(anonymous_3)
FNDA:3,getQuerySearchIntegerArrayObject
DA:1,1
DA:3,1
DA:4,9
DA:5,6
DA:6,3
DA:10,3
DA:11,3
DA:13,3
DA:15,2
DA:16,5
DA:17,2
DA:20,3
DA:24,2
DA:28,3
DA:29,3
DA:31,3
DA:33,2
DA:34,5
DA:35,2
DA:38,3
DA:42,2
DA:46,3
DA:47,3
DA:48,3
DA:50,3
DA:52,2
DA:53,5
DA:54,2
DA:57,3
DA:60,5
DA:61,5
DA:64,2
LF:32
LH:32
BRDA:4,0,0,3
BRDA:4,0,1,6
BRDA:5,1,0,3
BRDA:5,1,1,3
BRDA:6,2,0,3
BRDA:6,2,1,0
BRDA:13,3,0,1
BRDA:13,3,1,2
BRDA:16,4,0,2
BRDA:16,4,1,3
BRDA:16,5,0,5
BRDA:16,5,1,4
BRDA:31,6,0,1
BRDA:31,6,1,2
BRDA:34,7,0,2
BRDA:34,7,1,3
BRDA:34,8,0,5
BRDA:34,8,1,4
BRDA:50,9,0,1
BRDA:50,9,1,2
BRDA:53,10,0,2
BRDA:53,10,1,3
BRDA:53,11,0,5
BRDA:53,11,1,4
BRF:24
BRH:23
end_of_record
TN:
SF:utils/string.js
FN:3,(anonymous_0)
FN:9,getQuerySearchStringObject
FN:22,getQuerySearchStringArray
FN:28,(anonymous_3)
FN:35,getQuerySearchStringArrayObject
FNF:5
FNH:5
FNDA:6,(anonymous_0)
FNDA:2,getQuerySearchStringObject
FNDA:2,getQuerySearchStringArray
FNDA:2,(anonymous_3)
FNDA:2,getQuerySearchStringArrayObject
DA:1,1
DA:3,1
DA:4,6
DA:5,4
DA:6,2
DA:10,2
DA:11,2
DA:13,2
DA:15,1
DA:16,2
DA:19,1
DA:23,2
DA:24,2
DA:26,2
DA:28,1
DA:29,2
DA:32,1
DA:36,2
DA:37,2
DA:38,2
DA:40,2
DA:42,1
DA:43,2
DA:44,2
DA:45,2
DA:48,1
LF:26
LH:26
BRDA:4,0,0,2
BRDA:4,0,1,4
BRDA:5,1,0,2
BRDA:5,1,1,2
BRDA:6,2,0,2
BRDA:6,2,1,0
BRDA:13,3,0,1
BRDA:13,3,1,1
BRDA:16,4,0,0
BRDA:16,4,1,2
BRDA:26,5,0,1
BRDA:26,5,1,1
BRDA:29,6,0,0
BRDA:29,6,1,2
BRDA:40,7,0,1
BRDA:40,7,1,1
BRDA:43,8,0,0
BRDA:43,8,1,2
BRF:18
BRH:14
end_of_record
